#
# There is insufficient memory for the Java Runtime Environment to continue.
# Native memory allocation (mmap) failed to map 61341696 bytes for committing reserved memory.
# Possible reasons:
#   The system is out of physical RAM or swap space
#   In 32 bit mode, the process size limit was hit
# Possible solutions:
#   Reduce memory load on the system
#   Increase physical memory or swap space
#   Check if swap backing store is full
#   Use 64 bit Java on a 64 bit OS
#   Decrease Java heap size (-Xmx/-Xms)
#   Decrease number of Java threads
#   Decrease Java thread stack sizes (-Xss)
#   Set larger code cache with -XX:ReservedCodeCacheSize=
# This output file may be truncated or incomplete.
#
#  Out of Memory Error (os_linux.cpp:2716), pid=20527, tid=140430349235968
#
# JRE version:  (8.0_11-b12) (build )
# Java VM: Java HotSpot(TM) 64-Bit Server VM (25.11-b03 mixed mode linux-amd64 compressed oops)
# Failed to write core dump. Core dumps have been disabled. To enable core dumping, try "ulimit -c unlimited" before starting Java again
#

---------------  T H R E A D  ---------------

Current thread (0x00007fb87400a000):  JavaThread "Unknown thread" [_thread_in_vm, id=20531, stack(0x00007fb87d04f000,0x00007fb87d150000)]

Stack: [0x00007fb87d04f000,0x00007fb87d150000],  sp=0x00007fb87d14e380,  free space=1020k
Native frames: (J=compiled Java code, j=interpreted, Vv=VM code, C=native code)
V  [libjvm.so+0xa2f59a]  VMError::report_and_die()+0x2ca
V  [libjvm.so+0x4b2e4b]  report_vm_out_of_memory(char const*, int, unsigned long, VMErrorType, char const*)+0x8b
V  [libjvm.so+0x89e3b3]  os::Linux::commit_memory_impl(char*, unsigned long, bool)+0x103
V  [libjvm.so+0x89e909]  os::pd_commit_memory(char*, unsigned long, unsigned long, bool)+0x29
V  [libjvm.so+0x8985ba]  os::commit_memory(char*, unsigned long, unsigned long, bool)+0x2a
V  [libjvm.so+0x9091c3]  PSVirtualSpace::expand_by(unsigned long)+0x53
V  [libjvm.so+0x8f9799]  PSOldGen::initialize(ReservedSpace, unsigned long, char const*, int)+0xb9
V  [libjvm.so+0x2a5016]  AdjoiningGenerations::AdjoiningGenerations(ReservedSpace, GenerationSizer*, unsigned long)+0x3a6
V  [libjvm.so+0x8bf54e]  ParallelScavengeHeap::initialize()+0x1ae
V  [libjvm.so+0x9fd733]  Universe::initialize_heap()+0xe3
V  [libjvm.so+0x9fdb74]  universe_init()+0x64
V  [libjvm.so+0x5d46d5]  init_globals()+0x65
V  [libjvm.so+0x9e445d]  Threads::create_vm(JavaVMInitArgs*, bool*)+0x24d
V  [libjvm.so+0x665b04]  JNI_CreateJavaVM+0x74
C  [libjli.so+0x703e]  JavaMain+0x9e


---------------  P R O C E S S  ---------------

Java Threads: ( => current thread )

Other Threads:

=>0x00007fb87400a000 (exited) JavaThread "Unknown thread" [_thread_in_vm, id=20531, stack(0x00007fb87d04f000,0x00007fb87d150000)]

VM state:not at safepoint (not fully initialized)

VM Mutex/Monitor currently owned by a thread: None

GC Heap History (0 events):
No events

Deoptimization events (0 events):
No events

Internal exceptions (0 events):
No events

Events (0 events):
No events


Dynamic libraries:
00400000-00401000 r-xp 00000000 08:04 998067                             /home/admin/jdk1.8.0_11/bin/java
00600000-00601000 rw-p 00000000 08:04 998067                             /home/admin/jdk1.8.0_11/bin/java
01f68000-01f89000 rw-p 00000000 00:00 0                                  [heap]
c7e80000-ec180000 ---p 00000000 00:00 0 
ec180000-ec300000 rw-p 00000000 00:00 0 
ec300000-100000000 ---p 00000000 00:00 0 
7fb865000000-7fb865270000 rwxp 00000000 00:00 0 
7fb865270000-7fb874000000 ---p 00000000 00:00 0 
7fb874000000-7fb874025000 rw-p 00000000 00:00 0 
7fb874025000-7fb878000000 ---p 00000000 00:00 0 
7fb879a8c000-7fb879cf4000 rw-p 00000000 00:00 0 
7fb879cf4000-7fb879e32000 ---p 00000000 00:00 0 
7fb879e32000-7fb879e34000 rw-p 00000000 00:00 0 
7fb879e34000-7fb879ed2000 ---p 00000000 00:00 0 
7fb879ed2000-7fb879edd000 rw-p 00000000 00:00 0 
7fb879edd000-7fb87a293000 ---p 00000000 00:00 0 
7fb87a293000-7fb87a2af000 r-xp 00000000 08:04 997803                     /home/admin/jdk1.8.0_11/jre/lib/amd64/libzip.so
7fb87a2af000-7fb87a4ae000 ---p 0001c000 08:04 997803                     /home/admin/jdk1.8.0_11/jre/lib/amd64/libzip.so
7fb87a4ae000-7fb87a4af000 rw-p 0001b000 08:04 997803                     /home/admin/jdk1.8.0_11/jre/lib/amd64/libzip.so
7fb87a4af000-7fb87a4bb000 r-xp 00000000 08:04 139929                     /lib/x86_64-linux-gnu/libnss_files-2.17.so
7fb87a4bb000-7fb87a6ba000 ---p 0000c000 08:04 139929                     /lib/x86_64-linux-gnu/libnss_files-2.17.so
7fb87a6ba000-7fb87a6bb000 r--p 0000b000 08:04 139929                     /lib/x86_64-linux-gnu/libnss_files-2.17.so
7fb87a6bb000-7fb87a6bc000 rw-p 0000c000 08:04 139929                     /lib/x86_64-linux-gnu/libnss_files-2.17.so
7fb87a6bc000-7fb87a6c7000 r-xp 00000000 08:04 139927                     /lib/x86_64-linux-gnu/libnss_nis-2.17.so
7fb87a6c7000-7fb87a8c6000 ---p 0000b000 08:04 139927                     /lib/x86_64-linux-gnu/libnss_nis-2.17.so
7fb87a8c6000-7fb87a8c7000 r--p 0000a000 08:04 139927                     /lib/x86_64-linux-gnu/libnss_nis-2.17.so
7fb87a8c7000-7fb87a8c8000 rw-p 0000b000 08:04 139927                     /lib/x86_64-linux-gnu/libnss_nis-2.17.so
7fb87a8c8000-7fb87a8df000 r-xp 00000000 08:04 134713                     /lib/x86_64-linux-gnu/libnsl-2.17.so
7fb87a8df000-7fb87aade000 ---p 00017000 08:04 134713                     /lib/x86_64-linux-gnu/libnsl-2.17.so
7fb87aade000-7fb87aadf000 r--p 00016000 08:04 134713                     /lib/x86_64-linux-gnu/libnsl-2.17.so
7fb87aadf000-7fb87aae0000 rw-p 00017000 08:04 134713                     /lib/x86_64-linux-gnu/libnsl-2.17.so
7fb87aae0000-7fb87aae2000 rw-p 00000000 00:00 0 
7fb87aae2000-7fb87aaea000 r-xp 00000000 08:04 139916                     /lib/x86_64-linux-gnu/libnss_compat-2.17.so
7fb87aaea000-7fb87ace9000 ---p 00008000 08:04 139916                     /lib/x86_64-linux-gnu/libnss_compat-2.17.so
7fb87ace9000-7fb87acea000 r--p 00007000 08:04 139916                     /lib/x86_64-linux-gnu/libnss_compat-2.17.so
7fb87acea000-7fb87aceb000 rw-p 00008000 08:04 139916                     /lib/x86_64-linux-gnu/libnss_compat-2.17.so
7fb87aceb000-7fb87ad15000 r-xp 00000000 08:04 997777                     /home/admin/jdk1.8.0_11/jre/lib/amd64/libjava.so
7fb87ad15000-7fb87af15000 ---p 0002a000 08:04 997777                     /home/admin/jdk1.8.0_11/jre/lib/amd64/libjava.so
7fb87af15000-7fb87af17000 rw-p 0002a000 08:04 997777                     /home/admin/jdk1.8.0_11/jre/lib/amd64/libjava.so
7fb87af17000-7fb87af24000 r-xp 00000000 08:04 997744                     /home/admin/jdk1.8.0_11/jre/lib/amd64/libverify.so
7fb87af24000-7fb87b124000 ---p 0000d000 08:04 997744                     /home/admin/jdk1.8.0_11/jre/lib/amd64/libverify.so
7fb87b124000-7fb87b126000 rw-p 0000d000 08:04 997744                     /home/admin/jdk1.8.0_11/jre/lib/amd64/libverify.so
7fb87b126000-7fb87b12d000 r-xp 00000000 08:04 139930                     /lib/x86_64-linux-gnu/librt-2.17.so
7fb87b12d000-7fb87b32c000 ---p 00007000 08:04 139930                     /lib/x86_64-linux-gnu/librt-2.17.so
7fb87b32c000-7fb87b32d000 r--p 00006000 08:04 139930                     /lib/x86_64-linux-gnu/librt-2.17.so
7fb87b32d000-7fb87b32e000 rw-p 00007000 08:04 139930                     /lib/x86_64-linux-gnu/librt-2.17.so
7fb87b32e000-7fb87b431000 r-xp 00000000 08:04 139920                     /lib/x86_64-linux-gnu/libm-2.17.so
7fb87b431000-7fb87b630000 ---p 00103000 08:04 139920                     /lib/x86_64-linux-gnu/libm-2.17.so
7fb87b630000-7fb87b631000 r--p 00102000 08:04 139920                     /lib/x86_64-linux-gnu/libm-2.17.so
7fb87b631000-7fb87b632000 rw-p 00103000 08:04 139920                     /lib/x86_64-linux-gnu/libm-2.17.so
7fb87b632000-7fb87c24c000 r-xp 00000000 08:04 997666                     /home/admin/jdk1.8.0_11/jre/lib/amd64/server/libjvm.so
7fb87c24c000-7fb87c44c000 ---p 00c1a000 08:04 997666                     /home/admin/jdk1.8.0_11/jre/lib/amd64/server/libjvm.so
7fb87c44c000-7fb87c515000 rw-p 00c1a000 08:04 997666                     /home/admin/jdk1.8.0_11/jre/lib/amd64/server/libjvm.so
7fb87c515000-7fb87c556000 rw-p 00000000 00:00 0 
7fb87c556000-7fb87c713000 r-xp 00000000 08:04 140021                     /lib/x86_64-linux-gnu/libc-2.17.so
7fb87c713000-7fb87c913000 ---p 001bd000 08:04 140021                     /lib/x86_64-linux-gnu/libc-2.17.so
7fb87c913000-7fb87c917000 r--p 001bd000 08:04 140021                     /lib/x86_64-linux-gnu/libc-2.17.so
7fb87c917000-7fb87c919000 rw-p 001c1000 08:04 140021                     /lib/x86_64-linux-gnu/libc-2.17.so
7fb87c919000-7fb87c91e000 rw-p 00000000 00:00 0 
7fb87c91e000-7fb87c921000 r-xp 00000000 08:04 140024                     /lib/x86_64-linux-gnu/libdl-2.17.so
7fb87c921000-7fb87cb20000 ---p 00003000 08:04 140024                     /lib/x86_64-linux-gnu/libdl-2.17.so
7fb87cb20000-7fb87cb21000 r--p 00002000 08:04 140024                     /lib/x86_64-linux-gnu/libdl-2.17.so
7fb87cb21000-7fb87cb22000 rw-p 00003000 08:04 140024                     /lib/x86_64-linux-gnu/libdl-2.17.so
7fb87cb22000-7fb87cb39000 r-xp 00000000 08:04 997809                     /home/admin/jdk1.8.0_11/lib/amd64/jli/libjli.so
7fb87cb39000-7fb87cd38000 ---p 00017000 08:04 997809                     /home/admin/jdk1.8.0_11/lib/amd64/jli/libjli.so
7fb87cd38000-7fb87cd39000 rw-p 00016000 08:04 997809                     /home/admin/jdk1.8.0_11/lib/amd64/jli/libjli.so
7fb87cd39000-7fb87cd50000 r-xp 00000000 08:04 140026                     /lib/x86_64-linux-gnu/libpthread-2.17.so
7fb87cd50000-7fb87cf50000 ---p 00017000 08:04 140026                     /lib/x86_64-linux-gnu/libpthread-2.17.so
7fb87cf50000-7fb87cf51000 r--p 00017000 08:04 140026                     /lib/x86_64-linux-gnu/libpthread-2.17.so
7fb87cf51000-7fb87cf52000 rw-p 00018000 08:04 140026                     /lib/x86_64-linux-gnu/libpthread-2.17.so
7fb87cf52000-7fb87cf56000 rw-p 00000000 00:00 0 
7fb87cf56000-7fb87cf79000 r-xp 00000000 08:04 139923                     /lib/x86_64-linux-gnu/ld-2.17.so
7fb87d04f000-7fb87d052000 ---p 00000000 00:00 0 
7fb87d052000-7fb87d154000 rw-p 00000000 00:00 0                          [stack:20531]
7fb87d16a000-7fb87d16c000 rw-p 00000000 00:00 0 
7fb87d16c000-7fb87d174000 rw-s 00000000 08:04 1012329                    /tmp/hsperfdata_admin/20527
7fb87d174000-7fb87d175000 rw-p 00000000 00:00 0 
7fb87d175000-7fb87d176000 r--p 00000000 00:00 0 
7fb87d176000-7fb87d178000 rw-p 00000000 00:00 0 
7fb87d178000-7fb87d179000 r--p 00022000 08:04 139923                     /lib/x86_64-linux-gnu/ld-2.17.so
7fb87d179000-7fb87d17b000 rw-p 00023000 08:04 139923                     /lib/x86_64-linux-gnu/ld-2.17.so
7fffa28ee000-7fffa290f000 rw-p 00000000 00:00 0                          [stack]
7fffa29fe000-7fffa2a00000 r-xp 00000000 00:00 0                          [vdso]
ffffffffff600000-ffffffffff601000 r-xp 00000000 00:00 0                  [vsyscall]

VM Arguments:
jvm_args: -Dfile.encoding=UTF-8 
java_command: cliente.Cliente
java_class_path (initial): /home/admin/Documentos/codigo/TALLER-DE-SISTEMAS-DISTRIBUIDOS/Cliente-RMI/build/classes
Launcher Type: SUN_STANDARD

Environment Variables:
PATH=/usr/lib/lightdm/lightdm:/usr/local/sbin:/usr/local/bin:/usr/sbin:/usr/bin:/sbin:/bin:/usr/games:/usr/local/games
LD_LIBRARY_PATH=/home/admin/jdk1.8.0_11/jre/lib/amd64:/home/admin/jdk1.8.0_11/jre/lib/i386:/usr/lib32
SHELL=/bin/bash
DISPLAY=:0.0

Signal Handlers:
SIGSEGV: [libjvm.so+0xa2fde0], sa_mask[0]=0x7ffbfeff, sa_flags=0x10000004
SIGBUS: [libjvm.so+0xa2fde0], sa_mask[0]=0x7ffbfeff, sa_flags=0x10000004
SIGFPE: [libjvm.so+0x89b420], sa_mask[0]=0x7ffbfeff, sa_flags=0x10000004
SIGPIPE: [libjvm.so+0x89b420], sa_mask[0]=0x7ffbfeff, sa_flags=0x10000004
SIGXFSZ: [libjvm.so+0x89b420], sa_mask[0]=0x7ffbfeff, sa_flags=0x10000004
SIGILL: [libjvm.so+0x89b420], sa_mask[0]=0x7ffbfeff, sa_flags=0x10000004
SIGUSR1: SIG_DFL, sa_mask[0]=0x00000000, sa_flags=0x00000000
SIGUSR2: [libjvm.so+0x89cbc0], sa_mask[0]=0x00000004, sa_flags=0x10000004
SIGHUP: SIG_DFL, sa_mask[0]=0x00000000, sa_flags=0x00000000
SIGINT: SIG_IGN, sa_mask[0]=0x00000000, sa_flags=0x00000000
SIGTERM: SIG_DFL, sa_mask[0]=0x00000000, sa_flags=0x00000000
SIGQUIT: SIG_DFL, sa_mask[0]=0x00000000, sa_flags=0x00000000


---------------  S Y S T E M  ---------------

OS:DISTRIB_ID=Ubuntu
DISTRIB_RELEASE=13.10
DISTRIB_CODENAME=saucy
DISTRIB_DESCRIPTION="Ubuntu 13.10"

uname:Linux 3.11.0-15-generic #25-Ubuntu SMP Thu Jan 30 17:22:01 UTC 2014 x86_64
libc:glibc 2.17 NPTL 2.17 
rlimit: STACK 8192k, CORE 0k, NPROC 30373, NOFILE 4096, AS infinity
load average:2.72 2.20 1.80

/proc/meminfo:
MemTotal:        3908092 kB
MemFree:          113452 kB
Buffers:             436 kB
Cached:            37084 kB
SwapCached:         7684 kB
Active:          1871144 kB
Inactive:         896908 kB
Active(anon):    1857492 kB
Inactive(anon):   886228 kB
Active(file):      13652 kB
Inactive(file):    10680 kB
Unevictable:          32 kB
Mlocked:              32 kB
SwapTotal:       2050044 kB
SwapFree:              0 kB
Dirty:                40 kB
Writeback:             4 kB
AnonPages:       2724132 kB
Mapped:           206960 kB
Shmem:             12260 kB
Slab:              64624 kB
SReclaimable:      27092 kB
SUnreclaim:        37532 kB
KernelStack:        5480 kB
PageTables:        49928 kB
NFS_Unstable:          0 kB
Bounce:                0 kB
WritebackTmp:          0 kB
CommitLimit:     4004088 kB
Committed_AS:    8517252 kB
VmallocTotal:   34359738367 kB
VmallocUsed:      300268 kB
VmallocChunk:   34359435380 kB
HardwareCorrupted:     0 kB
AnonHugePages:         0 kB
HugePages_Total:       0
HugePages_Free:        0
HugePages_Rsvd:        0
HugePages_Surp:        0
Hugepagesize:       2048 kB
DirectMap4k:     3449772 kB
DirectMap2M:      602112 kB


CPU:total 4 (2 cores per cpu, 2 threads per core) family 6 model 37 stepping 5, cmov, cx8, fxsr, mmx, sse, sse2, sse3, ssse3, sse4.1, sse4.2, popcnt, ht, tsc, tscinvbit

/proc/cpuinfo:
processor	: 0
vendor_id	: GenuineIntel
cpu family	: 6
model		: 37
model name	: Intel(R) Core(TM) i3 CPU       M 350  @ 2.27GHz
stepping	: 5
microcode	: 0x2
cpu MHz		: 933.000
cache size	: 3072 KB
physical id	: 0
siblings	: 4
core id		: 0
cpu cores	: 2
apicid		: 0
initial apicid	: 0
fpu		: yes
fpu_exception	: yes
cpuid level	: 11
wp		: yes
flags		: fpu vme de pse tsc msr pae mce cx8 apic sep mtrr pge mca cmov pat pse36 clflush dts acpi mmx fxsr sse sse2 ss ht tm pbe syscall nx rdtscp lm constant_tsc arch_perfmon pebs bts rep_good nopl xtopology nonstop_tsc aperfmperf pni dtes64 monitor ds_cpl vmx est tm2 ssse3 cx16 xtpr pdcm pcid sse4_1 sse4_2 popcnt lahf_lm arat dtherm tpr_shadow vnmi flexpriority ept vpid
bogomips	: 4521.80
clflush size	: 64
cache_alignment	: 64
address sizes	: 36 bits physical, 48 bits virtual
power management:

processor	: 1
vendor_id	: GenuineIntel
cpu family	: 6
model		: 37
model name	: Intel(R) Core(TM) i3 CPU       M 350  @ 2.27GHz
stepping	: 5
microcode	: 0x2
cpu MHz		: 2266.000
cache size	: 3072 KB
physical id	: 0
siblings	: 4
core id		: 2
cpu cores	: 2
apicid		: 4
initial apicid	: 4
fpu		: yes
fpu_exception	: yes
cpuid level	: 11
wp		: yes
flags		: fpu vme de pse tsc msr pae mce cx8 apic sep mtrr pge mca cmov pat pse36 clflush dts acpi mmx fxsr sse sse2 ss ht tm pbe syscall nx rdtscp lm constant_tsc arch_perfmon pebs bts rep_good nopl xtopology nonstop_tsc aperfmperf pni dtes64 monitor ds_cpl vmx est tm2 ssse3 cx16 xtpr pdcm pcid sse4_1 sse4_2 popcnt lahf_lm arat dtherm tpr_shadow vnmi flexpriority ept vpid
bogomips	: 4521.80
clflush size	: 64
cache_alignment	: 64
address sizes	: 36 bits physical, 48 bits virtual
power management:

processor	: 2
vendor_id	: GenuineIntel
cpu family	: 6
model		: 37
model name	: Intel(R) Core(TM) i3 CPU       M 350  @ 2.27GHz
stepping	: 5
microcode	: 0x2
cpu MHz		: 2266.000
cache size	: 3072 KB
physical id	: 0
siblings	: 4
core id		: 0
cpu cores	: 2
apicid		: 1
initial apicid	: 1
fpu		: yes
fpu_exception	: yes
cpuid level	: 11
wp		: yes
flags		: fpu vme de pse tsc msr pae mce cx8 apic sep mtrr pge mca cmov pat pse36 clflush dts acpi mmx fxsr sse sse2 ss ht tm pbe syscall nx rdtscp lm constant_tsc arch_perfmon pebs bts rep_good nopl xtopology nonstop_tsc aperfmperf pni dtes64 monitor ds_cpl vmx est tm2 ssse3 cx16 xtpr pdcm pcid sse4_1 sse4_2 popcnt lahf_lm arat dtherm tpr_shadow vnmi flexpriority ept vpid
bogomips	: 4521.80
clflush size	: 64
cache_alignment	: 64
address sizes	: 36 bits physical, 48 bits virtual
power management:

processor	: 3
vendor_id	: GenuineIntel
cpu family	: 6
model		: 37
model name	: Intel(R) Core(TM) i3 CPU       M 350  @ 2.27GHz
stepping	: 5
microcode	: 0x2
cpu MHz		: 2266.000
cache size	: 3072 KB
physical id	: 0
siblings	: 4
core id		: 2
cpu cores	: 2
apicid		: 5
initial apicid	: 5
fpu		: yes
fpu_exception	: yes
cpuid level	: 11
wp		: yes
flags		: fpu vme de pse tsc msr pae mce cx8 apic sep mtrr pge mca cmov pat pse36 clflush dts acpi mmx fxsr sse sse2 ss ht tm pbe syscall nx rdtscp lm constant_tsc arch_perfmon pebs bts rep_good nopl xtopology nonstop_tsc aperfmperf pni dtes64 monitor ds_cpl vmx est tm2 ssse3 cx16 xtpr pdcm pcid sse4_1 sse4_2 popcnt lahf_lm arat dtherm tpr_shadow vnmi flexpriority ept vpid
bogomips	: 4521.80
clflush size	: 64
cache_alignment	: 64
address sizes	: 36 bits physical, 48 bits virtual
power management:



Memory: 4k page, physical 3908092k(113328k free), swap 2050044k(0k free)

vm_info: Java HotSpot(TM) 64-Bit Server VM (25.11-b03) for linux-amd64 JRE (1.8.0_11-b12), built on Jun 16 2014 17:29:59 by "java_re" with gcc 4.3.0 20080428 (Red Hat 4.3.0-8)

time: Tue Sep 30 10:08:55 2014
elapsed time: 0 seconds

